2021-02-19 22:34:11,026 INFO o.s.b.StartupInfoLogger [main] Starting ApiSafetyNetAlertsApplication using Java 11.0.9 on DELL-Romain with PID 5172 (C:\Users\kls_k\git\APISafetyNetAlerts\target\classes started by kls_k in C:\Users\kls_k\git\APISafetyNetAlerts)
2021-02-19 22:34:11,032 INFO o.s.b.SpringApplication [main] No active profile set, falling back to default profiles: default
2021-02-19 22:34:11,699 INFO o.s.b.w.e.t.TomcatWebServer [main] Tomcat initialized with port(s): 9090 (http)
2021-02-19 22:34:11,712 INFO o.a.j.l.DirectJDKLog [main] Initializing ProtocolHandler ["http-nio-9090"]
2021-02-19 22:34:11,712 INFO o.a.j.l.DirectJDKLog [main] Starting service [Tomcat]
2021-02-19 22:34:11,713 INFO o.a.j.l.DirectJDKLog [main] Starting Servlet engine: [Apache Tomcat/9.0.41]
2021-02-19 22:34:11,799 INFO o.a.j.l.DirectJDKLog [main] Initializing Spring embedded WebApplicationContext
2021-02-19 22:34:11,799 INFO o.s.b.w.s.c.ServletWebServerApplicationContext [main] Root WebApplicationContext: initialization completed in 739 ms
2021-02-19 22:34:11,930 INFO o.s.s.c.ExecutorConfigurationSupport [main] Initializing ExecutorService 'applicationTaskExecutor'
2021-02-19 22:34:12,060 INFO o.a.j.l.DirectJDKLog [main] Starting ProtocolHandler ["http-nio-9090"]
2021-02-19 22:34:12,076 INFO o.s.b.w.e.t.TomcatWebServer [main] Tomcat started on port(s): 9090 (http) with context path ''
2021-02-19 22:34:12,084 INFO o.s.b.StartupInfoLogger [main] Started ApiSafetyNetAlertsApplication in 1.428 seconds (JVM running for 2.334)
2021-02-19 22:36:39,457 INFO o.s.b.a.SpringApplicationAdminMXBeanRegistrar$SpringApplicationAdmin [RMI TCP Connection(12)-127.0.0.1] Application shutdown requested.
2021-02-19 22:36:39,589 INFO o.s.s.c.ExecutorConfigurationSupport [RMI TCP Connection(12)-127.0.0.1] Shutting down ExecutorService 'applicationTaskExecutor'
2021-févr.-19 22:36:45 [main] INFO  c.o.s.ApiSafetyNetAlertsApplication                - Starting ApiSafetyNetAlertsApplication using Java 11.0.9 on DELL-Romain with PID 12168 (C:\Users\kls_k\git\APISafetyNetAlerts\target\classes started by kls_k in C:\Users\kls_k\git\APISafetyNetAlerts)
2021-févr.-19 22:36:45 [main] INFO  c.o.s.ApiSafetyNetAlertsApplication                - No active profile set, falling back to default profiles: default
2021-févr.-19 22:36:46 [main] INFO  o.s.b.w.e.t.TomcatWebServer                        - Tomcat initialized with port(s): 9090 (http)
2021-févr.-19 22:36:46 [main] INFO  o.a.c.h.Http11NioProtocol                          - Initializing ProtocolHandler ["http-nio-9090"]
2021-févr.-19 22:36:46 [main] INFO  o.a.c.c.StandardService                            - Starting service [Tomcat]
2021-févr.-19 22:36:46 [main] INFO  o.a.c.c.StandardEngine                             - Starting Servlet engine: [Apache Tomcat/9.0.41]
2021-févr.-19 22:36:46 [main] INFO  o.a.c.c.C.[.[.[/]                                  - Initializing Spring embedded WebApplicationContext
2021-févr.-19 22:36:46 [main] INFO  o.s.b.w.s.c.ServletWebServerApplicationContext     - Root WebApplicationContext: initialization completed in 729 ms
2021-févr.-19 22:36:46 [main] INFO  o.s.s.c.ThreadPoolTaskExecutor                     - Initializing ExecutorService 'applicationTaskExecutor'
2021-févr.-19 22:36:46 [main] INFO  o.a.c.h.Http11NioProtocol                          - Starting ProtocolHandler ["http-nio-9090"]
2021-févr.-19 22:36:46 [main] INFO  o.s.b.w.e.t.TomcatWebServer                        - Tomcat started on port(s): 9090 (http) with context path ''
2021-févr.-19 22:36:46 [main] INFO  c.o.s.ApiSafetyNetAlertsApplication                - Started ApiSafetyNetAlertsApplication in 1.385 seconds (JVM running for 2.229)
2021-févr.-19 22:37:25 [http-nio-9090-exec-1] INFO  o.a.c.c.C.[.[.[/]                                  - Initializing Spring DispatcherServlet 'dispatcherServlet'
2021-févr.-19 22:37:25 [http-nio-9090-exec-1] INFO  o.s.w.s.DispatcherServlet                          - Initializing Servlet 'dispatcherServlet'
2021-févr.-19 22:37:25 [http-nio-9090-exec-1] INFO  o.s.w.s.DispatcherServlet                          - Completed initialization in 1 ms
2021-févr.-19 22:37:25 [http-nio-9090-exec-1] INFO  c.o.s.ApiSafetyNetAlertsApplication                - An INFO Message
2021-févr.-19 22:37:25 [http-nio-9090-exec-1] WARN  c.o.s.ApiSafetyNetAlertsApplication                - A WARN Message
2021-févr.-19 22:37:25 [http-nio-9090-exec-1] ERROR c.o.s.ApiSafetyNetAlertsApplication                - An ERROR Message
2021-févr.-19 22:41:49 [RMI TCP Connection(14)-127.0.0.1] INFO  o.s.b.a.SpringApplicationAdminMXBeanRegistrar$SpringApplicationAdmin - Application shutdown requested.
2021-févr.-19 22:41:49 [RMI TCP Connection(14)-127.0.0.1] INFO  o.s.s.c.ThreadPoolTaskExecutor                     - Shutting down ExecutorService 'applicationTaskExecutor'
2021-févr.-20 08:25:30 [main] INFO  c.o.s.i.EndPointsControlleriTest                   - Starting EndPointsControlleriTest using Java 11.0.8 on C-ULTRAPORT with PID 10392 (started by HP in D:\cours java\P5\APISafetyNetAlerts)
2021-févr.-20 08:25:31 [main] INFO  c.o.s.i.EndPointsControlleriTest                   - No active profile set, falling back to default profiles: default
2021-févr.-20 08:25:39 [main] INFO  o.s.s.c.ThreadPoolTaskExecutor                     - Initializing ExecutorService 'applicationTaskExecutor'
2021-févr.-20 08:25:41 [main] INFO  o.s.b.t.m.w.SpringBootMockServletContext           - Initializing Spring TestDispatcherServlet ''
2021-févr.-20 08:25:41 [main] INFO  o.s.t.w.s.TestDispatcherServlet                    - Initializing Servlet ''
2021-févr.-20 08:25:41 [main] INFO  o.s.t.w.s.TestDispatcherServlet                    - Completed initialization in 5 ms
2021-févr.-20 08:25:42 [main] INFO  c.o.s.i.EndPointsControlleriTest                   - Started EndPointsControlleriTest in 13.253 seconds (JVM running for 26.108)
2021-févr.-20 08:25:47 [main] INFO  o.s.b.t.c.SpringBootTestContextBootstrapper        - Neither @ContextConfiguration nor @ContextHierarchy found for test class [com.openclassrooms.safetynetalerts.integration.EndPointsControllerCRUDiTest], using SpringBootContextLoader
2021-févr.-20 08:25:47 [main] INFO  o.s.t.c.s.AbstractContextLoader                    - Could not detect default resource locations for test class [com.openclassrooms.safetynetalerts.integration.EndPointsControllerCRUDiTest]: no resource found for suffixes {-context.xml, Context.groovy}.
2021-févr.-20 08:25:47 [main] INFO  o.s.t.c.s.AnnotationConfigContextLoaderUtils       - Could not detect default configuration classes for test class [com.openclassrooms.safetynetalerts.integration.EndPointsControllerCRUDiTest]: EndPointsControllerCRUDiTest does not declare any static, non-private, non-final, nested classes annotated with @Configuration.
2021-févr.-20 08:25:47 [main] INFO  o.s.b.t.c.SpringBootTestContextBootstrapper        - Found @SpringBootConfiguration com.openclassrooms.safetynetalerts.ApiSafetyNetAlertsApplication for test class com.openclassrooms.safetynetalerts.integration.EndPointsControllerCRUDiTest
2021-févr.-20 08:25:47 [main] INFO  o.s.b.t.c.SpringBootTestContextBootstrapper        - Loaded default TestExecutionListener class names from location [META-INF/spring.factories]: [org.springframework.boot.test.mock.mockito.MockitoTestExecutionListener, org.springframework.boot.test.mock.mockito.ResetMocksTestExecutionListener, org.springframework.boot.test.autoconfigure.restdocs.RestDocsTestExecutionListener, org.springframework.boot.test.autoconfigure.web.client.MockRestServiceServerResetTestExecutionListener, org.springframework.boot.test.autoconfigure.web.servlet.MockMvcPrintOnlyOnFailureTestExecutionListener, org.springframework.boot.test.autoconfigure.web.servlet.WebDriverTestExecutionListener, org.springframework.boot.test.autoconfigure.webservices.client.MockWebServiceServerTestExecutionListener, org.springframework.test.context.web.ServletTestExecutionListener, org.springframework.test.context.support.DirtiesContextBeforeModesTestExecutionListener, org.springframework.test.context.support.DependencyInjectionTestExecutionListener, org.springframework.test.context.support.DirtiesContextTestExecutionListener, org.springframework.test.context.transaction.TransactionalTestExecutionListener, org.springframework.test.context.jdbc.SqlScriptsTestExecutionListener, org.springframework.test.context.event.EventPublishingTestExecutionListener]
2021-févr.-20 08:25:47 [main] INFO  o.s.b.t.c.SpringBootTestContextBootstrapper        - Using TestExecutionListeners: [org.springframework.test.context.web.ServletTestExecutionListener@5597ca3, org.springframework.test.context.support.DirtiesContextBeforeModesTestExecutionListener@31b741e2, org.springframework.boot.test.mock.mockito.MockitoTestExecutionListener@573a078, org.springframework.boot.test.autoconfigure.SpringBootDependencyInjectionTestExecutionListener@28f05b0c, org.springframework.test.context.support.DirtiesContextTestExecutionListener@660296d5, org.springframework.test.context.event.EventPublishingTestExecutionListener@6d3163a6, org.springframework.boot.test.mock.mockito.ResetMocksTestExecutionListener@75d97e18, org.springframework.boot.test.autoconfigure.restdocs.RestDocsTestExecutionListener@5fdb7394, org.springframework.boot.test.autoconfigure.web.client.MockRestServiceServerResetTestExecutionListener@2d9de284, org.springframework.boot.test.autoconfigure.web.servlet.MockMvcPrintOnlyOnFailureTestExecutionListener@4b5798c2, org.springframework.boot.test.autoconfigure.web.servlet.WebDriverTestExecutionListener@7540160e, org.springframework.boot.test.autoconfigure.webservices.client.MockWebServiceServerTestExecutionListener@71039ce1]
2021-févr.-20 08:25:48 [main] INFO  c.o.s.ApiSafetyNetAlertsApplication                - Current Request : http://localhost/person
2021-févr.-20 08:25:48 [main] INFO  c.o.s.ApiSafetyNetAlertsApplication                - A new person is added successful. The URL is : http://localhost/person/TestFirstNameTestLastName
2021-févr.-20 08:25:48 [main] INFO  c.o.s.ApiSafetyNetAlertsApplication                - Current Request : http://localhost/person
2021-févr.-20 08:25:48 [main] ERROR c.o.s.ApiSafetyNetAlertsApplication                - The person is not added.
2021-févr.-20 08:25:48 [main] INFO  c.o.s.ApiSafetyNetAlertsApplication                - Current Request : http://localhost/person
2021-févr.-20 08:25:49 [main] INFO  c.o.s.ApiSafetyNetAlertsApplication                - A new person is added successful. The URL is : http://localhost/person/TestFirstNameTestLastName
2021-févr.-20 08:25:49 [main] INFO  o.s.b.t.a.w.s.WebMvcTestContextBootstrapper        - Neither @ContextConfiguration nor @ContextHierarchy found for test class [com.openclassrooms.safetynetalerts.EndPointsControllerTest], using SpringBootContextLoader
2021-févr.-20 08:25:49 [main] INFO  o.s.t.c.s.AbstractContextLoader                    - Could not detect default resource locations for test class [com.openclassrooms.safetynetalerts.EndPointsControllerTest]: no resource found for suffixes {-context.xml, Context.groovy}.
2021-févr.-20 08:25:49 [main] INFO  o.s.t.c.s.AnnotationConfigContextLoaderUtils       - Could not detect default configuration classes for test class [com.openclassrooms.safetynetalerts.EndPointsControllerTest]: EndPointsControllerTest does not declare any static, non-private, non-final, nested classes annotated with @Configuration.
2021-févr.-20 08:25:49 [main] INFO  o.s.b.t.c.SpringBootTestContextBootstrapper        - Found @SpringBootConfiguration com.openclassrooms.safetynetalerts.ApiSafetyNetAlertsApplication for test class com.openclassrooms.safetynetalerts.EndPointsControllerTest
2021-févr.-20 08:25:49 [main] INFO  o.s.b.t.a.w.s.WebMvcTestContextBootstrapper        - Loaded default TestExecutionListener class names from location [META-INF/spring.factories]: [org.springframework.boot.test.mock.mockito.MockitoTestExecutionListener, org.springframework.boot.test.mock.mockito.ResetMocksTestExecutionListener, org.springframework.boot.test.autoconfigure.restdocs.RestDocsTestExecutionListener, org.springframework.boot.test.autoconfigure.web.client.MockRestServiceServerResetTestExecutionListener, org.springframework.boot.test.autoconfigure.web.servlet.MockMvcPrintOnlyOnFailureTestExecutionListener, org.springframework.boot.test.autoconfigure.web.servlet.WebDriverTestExecutionListener, org.springframework.boot.test.autoconfigure.webservices.client.MockWebServiceServerTestExecutionListener, org.springframework.test.context.web.ServletTestExecutionListener, org.springframework.test.context.support.DirtiesContextBeforeModesTestExecutionListener, org.springframework.test.context.support.DependencyInjectionTestExecutionListener, org.springframework.test.context.support.DirtiesContextTestExecutionListener, org.springframework.test.context.transaction.TransactionalTestExecutionListener, org.springframework.test.context.jdbc.SqlScriptsTestExecutionListener, org.springframework.test.context.event.EventPublishingTestExecutionListener]
2021-févr.-20 08:25:49 [main] INFO  o.s.b.t.a.w.s.WebMvcTestContextBootstrapper        - Using TestExecutionListeners: [org.springframework.test.context.web.ServletTestExecutionListener@536da29c, org.springframework.test.context.support.DirtiesContextBeforeModesTestExecutionListener@58fbcb71, org.springframework.boot.test.mock.mockito.MockitoTestExecutionListener@70cf7d1e, org.springframework.boot.test.autoconfigure.SpringBootDependencyInjectionTestExecutionListener@72f3f14c, org.springframework.test.context.support.DirtiesContextTestExecutionListener@4cb4c4cc, org.springframework.test.context.event.EventPublishingTestExecutionListener@4a122e68, org.springframework.boot.test.mock.mockito.ResetMocksTestExecutionListener@41be8db9, org.springframework.boot.test.autoconfigure.restdocs.RestDocsTestExecutionListener@2c2a7d53, org.springframework.boot.test.autoconfigure.web.client.MockRestServiceServerResetTestExecutionListener@46524ebe, org.springframework.boot.test.autoconfigure.web.servlet.MockMvcPrintOnlyOnFailureTestExecutionListener@1de85972, org.springframework.boot.test.autoconfigure.web.servlet.WebDriverTestExecutionListener@280ecc33, org.springframework.boot.test.autoconfigure.webservices.client.MockWebServiceServerTestExecutionListener@57b1ec84]
2021-févr.-20 08:25:50 [main] INFO  c.o.s.EndPointsControllerTest                      - Starting EndPointsControllerTest using Java 11.0.8 on C-ULTRAPORT with PID 10392 (started by HP in D:\cours java\P5\APISafetyNetAlerts)
2021-févr.-20 08:25:50 [main] INFO  c.o.s.EndPointsControllerTest                      - No active profile set, falling back to default profiles: default
2021-févr.-20 08:25:55 [main] INFO  o.s.s.c.ThreadPoolTaskExecutor                     - Initializing ExecutorService 'applicationTaskExecutor'
2021-févr.-20 08:25:56 [main] INFO  o.s.b.t.m.w.SpringBootMockServletContext           - Initializing Spring TestDispatcherServlet ''
2021-févr.-20 08:25:56 [main] INFO  o.s.t.w.s.TestDispatcherServlet                    - Initializing Servlet ''
2021-févr.-20 08:25:56 [main] INFO  o.s.t.w.s.TestDispatcherServlet                    - Completed initialization in 2 ms
2021-févr.-20 08:25:56 [main] INFO  c.o.s.EndPointsControllerTest                      - Started EndPointsControllerTest in 6.441 seconds (JVM running for 40.119)
2021-févr.-20 08:25:57 [SpringContextShutdownHook] INFO  o.s.s.c.ThreadPoolTaskExecutor                     - Shutting down ExecutorService 'applicationTaskExecutor'
2021-févr.-20 08:25:57 [SpringContextShutdownHook] INFO  o.s.s.c.ThreadPoolTaskExecutor                     - Shutting down ExecutorService 'applicationTaskExecutor'
